Start testing: Jul 07 20:03 EDT
----------------------------------------------------------
1/1 Testing: TestOpen4D
1/1 Test: TestOpen4D
Command: "/Users/willgibb848/Projects/c-cpp/Open4D/bin/Open4DTestsExec"
Directory: /Users/willgibb848/Projects/c-cpp/Open4D/bin
"TestOpen4D" start time: Jul 07 20:03 EDT
Output:
----------------------------------------------------------
<end of output>
Test time =   1.03 sec
----------------------------------------------------------
Test Passed.
"TestOpen4D" end time: Jul 07 20:03 EDT
"TestOpen4D" time elapsed: 00:00:01
----------------------------------------------------------

End testing: Jul 07 20:03 EDT
